2025-07-07 19:48:21,994 - root - INFO - Iniciando aplicação
2025-07-07 19:48:22,013 - scraper - INFO - Buscando informações atualizadas do site...
2025-07-07 19:53:24,414 - root - INFO - Iniciando aplicação
2025-07-07 19:53:24,426 - scraper - INFO - Buscando informações atualizadas do site...
2025-07-07 21:09:01,564 - root - INFO - Iniciando aplicação
2025-07-07 21:09:01,578 - scraper - INFO - Buscando informações atualizadas do site...
2025-07-09 15:03:08,029 - root - INFO - Iniciando aplicação
2025-07-09 15:03:08,038 - scraper - INFO - Buscando informações atualizadas do site...
2025-07-10 13:30:37,689 - root - INFO - Iniciando aplicação
2025-07-10 13:30:37,697 - scraper - INFO - Buscando informações atualizadas do site...
2025-07-10 13:30:50,328 - chat_manager - ERROR - Erro no loop de chat: Incorrect number of bindings supplied. The current statement uses 1, and there are 64 supplied.
2025-07-10 13:32:40,270 - root - INFO - Iniciando aplicação
2025-07-10 13:32:40,279 - scraper - INFO - Buscando informações atualizadas do site...
2025-07-10 13:32:50,122 - chat_manager - ERROR - Erro no loop de chat: Incorrect number of bindings supplied. The current statement uses 1, and there are 64 supplied.
2025-07-10 13:35:38,081 - root - INFO - Iniciando aplicação
2025-07-10 13:35:38,089 - scraper - INFO - Buscando informações atualizadas do site...
2025-07-10 13:35:44,410 - chat_manager - ERROR - Erro no loop de chat: Incorrect number of bindings supplied. The current statement uses 1, and there are 64 supplied.
2025-07-10 13:39:43,960 - root - INFO - Iniciando aplicação
2025-07-10 13:39:43,969 - scraper - INFO - Buscando informações atualizadas do site...
2025-07-10 13:39:51,964 - chat_manager - INFO - Nova resposta salva no cache para: sou vlad e voce...
2025-07-10 13:48:58,736 - chat_manager - Erro no loop de chat: name 'logger' is not defined
2025-07-10 13:49:15,395 - chat_manager - Erro no loop de chat: name 'logger' is not defined
2025-07-10 14:08:48,653 - scraper - Erro ao processar PATROCINADOREShttps://www.datainfo.inf.br/sobre-nos/: No connection adapters were found for 'PATROCINADOREShttps://www.datainfo.inf.br/sobre-nos/'
2025-07-10 14:09:06,109 - scraper - Erro ao processar https://klab.com.br: HTTPSConnectionPool(host='klab.com.br', port=443): Max retries exceeded with url: / (Caused by SSLError(SSLCertVerificationError(1, '[SSL: CERTIFICATE_VERIFY_FAILED] certificate verify failed: unable to get local issuer certificate (_ssl.c:1006)')))
2025-07-10 14:11:07,124 - scraper - Erro ao processar PATROCINADOREShttps://www.datainfo.inf.br/sobre-nos/: No connection adapters were found for 'PATROCINADOREShttps://www.datainfo.inf.br/sobre-nos/'
2025-07-10 14:11:21,830 - scraper - Erro ao processar https://klab.com.br: HTTPSConnectionPool(host='klab.com.br', port=443): Max retries exceeded with url: / (Caused by SSLError(SSLCertVerificationError(1, '[SSL: CERTIFICATE_VERIFY_FAILED] certificate verify failed: unable to get local issuer certificate (_ssl.c:1006)')))
2025-07-10 14:12:44,195 - scraper - Erro ao processar PATROCINADOREShttps://www.datainfo.inf.br/sobre-nos/: No connection adapters were found for 'PATROCINADOREShttps://www.datainfo.inf.br/sobre-nos/'
2025-07-10 14:12:58,387 - scraper - Erro ao processar https://klab.com.br: HTTPSConnectionPool(host='klab.com.br', port=443): Max retries exceeded with url: / (Caused by SSLError(SSLCertVerificationError(1, '[SSL: CERTIFICATE_VERIFY_FAILED] certificate verify failed: unable to get local issuer certificate (_ssl.c:1006)')))
2025-07-10 14:13:33,910 - chat_manager - Erro no loop de chat: name 'logger' is not defined
2025-07-10 14:13:54,890 - chat_manager - Erro no loop de chat: name 'logger' is not defined
